<?xml version="1.0" encoding="UTF-8"?>
<testng-results skipped="0" failed="0" total="1" passed="1">
  <reporter-output>
    <line>
      <![CDATA[Feature-UAT"Advisor Signup,TestCase Name: 1.2 Advisor Signup Feature.]]>
    </line>
    <line>
      <![CDATA[<br></br> Step 1 : Enter the URL in browser address bar and hit enter.]]>
    </line>
    <line>
      <![CDATA[Login with valid credentials.]]>
    </line>
  </reporter-output>
  <suite name="Functional_Suites_For_Vestorly" duration-ms="0" started-at="2013-11-20T12:52:59Z" finished-at="2013-11-20T12:52:59Z">
    <groups>
    </groups>
  </suite> <!-- Functional_Suites_For_Vestorly -->
  <suite name="Vestorly Automation " duration-ms="57405" started-at="2013-11-20T12:52:02Z" finished-at="2013-11-20T12:52:59Z">
    <groups>
    </groups>
    <test name="Selenium - SignUp via Email Feature" duration-ms="57405" started-at="2013-11-20T12:52:02Z" finished-at="2013-11-20T12:52:59Z">
      <class name="com.vestorly.verifications.Index">
        <test-method status="PASS" signature="fetchSuiteConfiguration(org.testng.ITestContext)[pri:0, instance:com.vestorly.verifications.Index@2e530cf2]" name="fetchSuiteConfiguration" is-config="true" duration-ms="11" started-at="2013-11-20T18:22:02Z" finished-at="2013-11-20T18:22:02Z">
          <params>
            <param index="0">
              <value>
                <![CDATA[org.testng.TestRunner@5bf02b85]]>
              </value>
            </param>
          </params>
          <reporter-output>
          </reporter-output>
        </test-method> <!-- fetchSuiteConfiguration -->
        <test-method status="PASS" signature="setUp(java.lang.reflect.Method)[pri:0, instance:com.vestorly.verifications.Index@2e530cf2]" name="setUp" is-config="true" duration-ms="28770" started-at="2013-11-20T18:22:02Z" finished-at="2013-11-20T18:22:31Z">
          <params>
            <param index="0">
              <value>
                <![CDATA[public void com.vestorly.verifications.Index.signUpViaEmail() throws java.lang.InterruptedException]]>
              </value>
            </param>
          </params>
          <reporter-output>
          </reporter-output>
        </test-method> <!-- setUp -->
        <test-method status="PASS" signature="signUpViaEmail()[pri:0, instance:com.vestorly.verifications.Index@2e530cf2]" name="signUpViaEmail" duration-ms="27606" started-at="2013-11-20T18:22:31Z" finished-at="2013-11-20T18:22:58Z">
          <reporter-output>
            <line>
              <![CDATA[Feature-UAT"Advisor Signup,TestCase Name: 1.2 Advisor Signup Feature.]]>
            </line>
            <line>
              <![CDATA[<br></br> Step 1 : Enter the URL in browser address bar and hit enter.]]>
            </line>
            <line>
              <![CDATA[Login with valid credentials.]]>
            </line>
          </reporter-output>
        </test-method> <!-- signUpViaEmail -->
        <test-method status="PASS" signature="tearDown(org.testng.ITestResult)[pri:0, instance:com.vestorly.verifications.Index@2e530cf2]" name="tearDown" is-config="true" duration-ms="1004" started-at="2013-11-20T18:22:58Z" finished-at="2013-11-20T18:22:59Z">
          <params>
            <param index="0">
              <value>
                <![CDATA[[TestResult name=signUpViaEmail status=SUCCESS method=Index.signUpViaEmail()[pri:0, instance:com.vestorly.verifications.Index@2e530cf2] output=Feature-UAT"Advisor Signup,TestCase Name: 1.2 Advisor Signup Feature.]]]>
              </value>
            </param>
          </params>
          <reporter-output>
          </reporter-output>
        </test-method> <!-- tearDown -->
      </class> <!-- com.vestorly.verifications.Index -->
    </test> <!-- Selenium - SignUp via Email Feature -->
  </suite> <!-- Vestorly Automation  -->
</testng-results>
